<?xml version="1.0" encoding="UTF-8"?>
<!-- Generated by org.testng.reporters.JUnitReportReporter -->
<testsuite skipped="0" hostname="WINCTRL-HCOKKA5" name="com.one.practice.MultipleWindowHndl" tests="1" failures="0" timestamp="03 May 2018 06:57:23 GMT" time="48.092" errors="0">
  <testcase name="gmailtest" time="48.092" classname="com.one.practice.MultipleWindowHndl"/>
</testsuite> <!-- com.one.practice.MultipleWindowHndl -->
