<?xml version="1.0" encoding="UTF-8"?>
<!-- Generated by org.testng.reporters.JUnitReportReporter -->
<testsuite skipped="0" hostname="WINCTRL-HCOKKA5" name="com.rameshsoft.automation.businessscripts.GmailTest" tests="1" failures="0" timestamp="01 May 2018 09:11:15 GMT" time="44.242" errors="0">
  <testcase name="gmailTest" time="44.242" classname="com.rameshsoft.automation.businessscripts.GmailTest"/>
</testsuite> <!-- com.rameshsoft.automation.businessscripts.GmailTest -->
