<?xml version="1.0" encoding="UTF-8"?>
<!-- Generated by org.testng.reporters.JUnitReportReporter -->
<testsuite skipped="0" hostname="WINCTRL-HCOKKA5" name="com.practice.selenium.FlipkartTest" tests="1" failures="0" timestamp="01 May 2018 08:14:48 GMT" time="57.668" errors="0">
  <testcase name="flipkart" time="57.668" classname="com.practice.selenium.FlipkartTest"/>
</testsuite> <!-- com.practice.selenium.FlipkartTest -->
