<?xml version="1.0" encoding="UTF-8"?>
<!-- Generated by org.testng.reporters.JUnitReportReporter -->
<testsuite skipped="0" hostname="WINCTRL-HCOKKA5" name="com.one.practice.OneTest" tests="1" failures="0" timestamp="03 May 2018 05:30:15 GMT" time="49.032" errors="0">
  <testcase name="gmailtest" time="49.032" classname="com.one.practice.OneTest"/>
</testsuite> <!-- com.one.practice.OneTest -->
